Case #1: BHD-AWP AWP-JDD
Case #2: MBT-NXA NXA-KTJ KTJ-HAI HAI-ABH ABH-OCK OCK-NPM
Case #3: FRF-BCK
Case #4: BEF-HOT HOT-IZH IZH-HPQ HPQ-FPB
Case #5: EFI-NJS NJS-AGI AGI-MDI MDI-GGM GGM-KTZ
Case #6: EUR-DLN DLN-IZI IZI-JPR JPR-BLE BLE-GQA GQA-MTL
Case #7: BTU-KUE KUE-HMI HMI-LYV LYV-EVT EVT-JBA JBA-MFQ MFQ-ICN ICN-IZW IZW-KTT KTT-FFU
Case #8: GNJ-MAQ MAQ-APZ APZ-BNC BNC-BYK BYK-HWL HWL-LDU LDU-BTG
Case #9: IQY-CNW CNW-EEQ EEQ-KRN KRN-BWI BWI-HWM HWM-DUY
Case #10: JHI-DVO DVO-ABR ABR-DLK DLK-EXJ EXJ-JDW
Case #11: OBU-MNL MNL-BHD BHD-KAZ KAZ-FVT FVT-IMH IMH-LHU LHU-OGO
Case #12: FBP-FMO FMO-GFU GFU-GME GME-LLB LLB-IJF IJF-EHX EHX-ECC ECC-BOT
Case #13: DSD-JYU JYU-JFV JFV-NDC NDC-ATX
Case #14: OSE-LUK LUK-CEC CEC-JBO JBO-MUV MUV-LVS LVS-KQC
Case #15: DOG-CAY CAY-MIP MIP-LFO LFO-IXD
Case #16: EJY-LOB LOB-IZP IZP-ESM
Case #17: FMI-KMV KMV-IEG IEG-NZP NZP-IQH IQH-GOE GOE-HIY HIY-NAG NAG-MMB MMB-DUP
Case #18: MUC-NRN NRN-DLI DLI-NMT NMT-BUQ BUQ-IGL IGL-MMV
Case #19: HUQ-FWM FWM-HHU HHU-IIX IIX-EWI EWI-JBF JBF-GIB GIB-JZB
Case #20: JEU-JQY JQY-HGU HGU-KKF
Case #21: DGG-BWU BWU-HNB HNB-FUU FUU-IUB IUB-MZZ MZZ-NJE NJE-OQS OQS-AAD
Case #22: KJW-KGR KGR-JDC JDC-DYV DYV-GML GML-KME
Case #23: DOL-GTA GTA-BUY BUY-LKB LKB-LMZ LMZ-FQX FQX-GGS GGS-HRF
Case #24: JZL-NVG NVG-IBB
Case #25: GVY-MAV MAV-IKS IKS-KJW KJW-FCN FCN-JAQ JAQ-IZC IZC-LIY LIY-HWW HWW-MOO
Case #26: JAX-BWX BWX-NPZ NPZ-IGM IGM-CQD CQD-NMP NMP-IBT
Case #27: IVT-IQW IQW-JOP
Case #28: LJW-NLD NLD-KVB KVB-ALK ALK-FLT
Case #29: JPZ-CPJ CPJ-JQJ JQJ-CIZ CIZ-GTY GTY-CBP CBP-NWB NWB-LWA
Case #30: KCC-OBE OBE-IRE IRE-KDI KDI-JJT JJT-MMC MMC-GDR GDR-JHJ JHJ-JSY
Case #31: IAX-FHV FHV-KNG KNG-BAV BAV-IQP IQP-JJS JJS-KYF KYF-MHS MHS-ETI ETI-ELU
Case #32: MEO-MMM MMM-HCA HCA-IRP
Case #33: MAR-OSB OSB-NYB NYB-KDF
Case #34: JJN-FQE FQE-IHR IHR-KWB
Case #35: JFU-FWT FWT-BVL BVL-FGW FGW-CSA CSA-GJF GJF-HVA HVA-KTS
Case #36: OFI-KTB KTB-DYG DYG-AYU AYU-KDW KDW-NNM
Case #37: LZU-NOO NOO-KLJ KLJ-EEC EEC-CXE CXE-GTO
Case #38: KSE-AQA AQA-HSJ HSJ-BHP BHP-DJS DJS-OSL OSL-DTT DTT-KFY
Case #39: HHT-AGU AGU-NMU NMU-HGU HGU-MTF MTF-CYX CYX-ODX
Case #40: CSJ-KJI KJI-EFP EFP-NVR NVR-CQR CQR-LWB LWB-GWR GWR-LHN LHN-LKD
Case #41: ATS-AXC AXC-ENI ENI-BZW BZW-OOY OOY-DHX DHX-ERL ERL-GYM
Case #42: JMZ-JGA JGA-EMT EMT-IOQ IOQ-LYW LYW-FBI FBI-DHN DHN-BGX BGX-GYU GYU-DVF DVF-AJC
Case #43: MJA-HDA HDA-FAI FAI-BEM BEM-NPO NPO-KXW KXW-HVI HVI-AWA AWA-LXZ LXZ-GFV GFV-ARP
Case #44: FVB-NYP NYP-HKD HKD-OFK
Case #45: MNL-CMY CMY-JCN JCN-AWQ AWQ-MQJ MQJ-BBX BBX-FQD FQD-MHY MHY-CTB
Case #46: FHE-MBK MBK-ORV
Case #47: LOY-GKG GKG-HOF HOF-NEU NEU-BVE BVE-EDP EDP-HBG HBG-KQR KQR-MHA MHA-HXT
Case #48: FCW-IZE IZE-ADR ADR-ARN ARN-BGR
Case #49: GUY-BAU BAU-FID FID-EFC EFC-EVX EVX-OBD OBD-NDM NDM-IIH IIH-NCS NCS-KDW KDW-FMF
Case #50: IJO-MBO MBO-MRY MRY-AQC
Case #51: MFT-AZE
Case #52: HEO-BTK BTK-GXL GXL-GGD GGD-LCI LCI-ODD ODD-HVQ HVQ-MXK MXK-HPH
Case #53: AGE-IKJ IKJ-OTQ OTQ-KFU KFU-JJP JJP-DRO DRO-JTL
Case #54: LNI-IIX IIX-OAS OAS-EFL EFL-BZS BZS-LQB LQB-IDY IDY-DMO
Case #55: MUD-IHD
Case #56: MFJ-EKP EKP-GQG GQG-FWQ
Case #57: MMC-FBH FBH-LWS LWS-CGL CGL-GOI GOI-FCX FCX-CDC CDC-MQW MQW-GQQ
Case #58: OHT-JIH JIH-ABX ABX-DZB DZB-LAX LAX-JOO
Case #59: ICD-DHL DHL-CBL CBL-NOQ
Case #60: JEX-EPE EPE-MFW MFW-DIW DIW-HAM HAM-NIF NIF-GMC
Case #61: AKC-IRA IRA-IHP IHP-IQD IQD-GUA GUA-HZT HZT-NUK
Case #62: HFB-ATJ ATJ-OAX OAX-MNC MNC-OJG OJG-KUO KUO-GNE GNE-HIX HIX-KYC
Case #63: LYI-HNF HNF-GTW GTW-GHN GHN-HAA HAA-CML CML-INS INS-CJV CJV-EBD EBD-NDD NDD-BTR
Case #64: ITT-LVZ LVZ-OGU OGU-HXB HXB-BQS BQS-FKK FKK-AYG AYG-JOL
Case #65: NZG-NUP NUP-EDM
Case #66: NOQ-MWH MWH-INI INI-NVK NVK-GSL GSL-BTP
Case #67: ORL-DWH DWH-DIC
Case #68: CDQ-IHD IHD-NBU NBU-ARP
Case #69: JED-EZA EZA-CYR CYR-JCH JCH-GLC
Case #70: ITV-LLB LLB-NAL NAL-AMP AMP-MJU MJU-OJG
Case #71: DGL-GVQ GVQ-JPD JPD-LRW LRW-AWA
Case #72: MMR-OAE OAE-NOC NOC-GKR GKR-GEZ GEZ-HBR
Case #73: ECO-NWS
Case #74: AZF-FQX FQX-OBA OBA-KFW KFW-HWH HWH-MFT MFT-BKG BKG-FUH FUH-FIO FIO-LHO LHO-NMD
Case #75: NBB-HHC HHC-LUG LUG-ADT
Case #76: FQJ-HVA HVA-JZO JZO-NAR NAR-CYC CYC-LOV LOV-LPW
Case #77: KSF-HOR HOR-OTP
Case #78: BRH-GPJ GPJ-MBM MBM-AXI AXI-DRO
Case #79: CAJ-GFL GFL-BQH BQH-DFI DFI-CMQ CMQ-DEH DEH-MRT MRT-LCX LCX-DFA DFA-KXA KXA-NJM
Case #80: CUG-IYZ IYZ-KPL KPL-GAP GAP-OHT OHT-FZD
Case #81: GDH-KJW KJW-BOD BOD-AEJ AEJ-ESO ESO-FOX
Case #82: FVI-JOU JOU-OLJ
Case #83: JZR-IXL IXL-IDV IDV-KHM KHM-CLZ CLZ-KBY KBY-FZB FZB-KMF KMF-ALX ALX-MCY MCY-GSR
Case #84: JAF-JRN JRN-FVZ FVZ-LWL
Case #85: EZK-NRW NRW-HGO HGO-CXF CXF-CML CML-IIY IIY-LTZ LTZ-NWE NWE-FLZ FLZ-NQP NQP-FVL
Case #86: NDW-JUW JUW-KQX KQX-DZA DZA-APL
Case #87: MLG-EPV EPV-KQY KQY-KVV KVV-EPO EPO-FBT FBT-KZS KZS-BRK BRK-KTW KTW-CEN
Case #88: LQC-FBD FBD-CCC CCC-JVH JVH-EZD EZD-HIY
Case #89: EGA-OTK OTK-AYF AYF-NKC NKC-GGG
Case #90: JJM-ICJ ICJ-EGM EGM-GCC GCC-LLX LLX-LBR LBR-HEQ HEQ-HZG HZG-DFZ DFZ-HLQ HLQ-BFO
Case #91: NNY-GKR GKR-GZP
Case #92: MMZ-GVK GVK-JJK JJK-CGE CGE-MGJ
Case #93: GUM-FIA FIA-CMG CMG-AFA
Case #94: CWF-DAR DAR-CEY CEY-BHD BHD-ECR ECR-JDT JDT-DLN DLN-GID GID-MSB MSB-CIV
Case #95: AAI-NDY NDY-EPE
Case #96: GBR-IKO
Case #97: FLN-IXZ IXZ-CQA CQA-JPA JPA-LUT LUT-MRJ
Case #98: LYO-FZW FZW-LOO LOO-BVT BVT-IJG IJG-IVW IVW-FPV
Case #99: MHL-BQS BQS-OMC OMC-LFD LFD-LFU LFU-NQF NQF-CQW CQW-NVG NVG-FWC FWC-JXC
Case #100: KKZ-GTS GTS-HCO HCO-HWA HWA-CJW CJW-EKP EKP-CNK CNK-ESX ESX-HBV HBV-ASX ASX-MKP MKP-EFR EFR-EBG EBG-IJZ IJZ-FBN FBN-GMO GMO-ORJ ORJ-GPZ GPZ-JML JML-JYB JYB-OBQ OBQ-DNW DNW-IDO IDO-KKQ KKQ-EQS EQS-GDA GDA-AUP AUP-BKX BKX-FSB FSB-CUC CUC-BIN BIN-JFG JFG-EXE EXE-MUV MUV-GOY GOY-JMY JMY-GVO GVO-JYH JYH-LZY LZY-GZN GZN-KAA KAA-AQO AQO-JGC JGC-HME HME-LLO LLO-NOY NOY-GOE GOE-HIT HIT-DNC DNC-FMH FMH-FGW FGW-JZZ JZZ-LZK LZK-KVA KVA-CHY CHY-FAQ FAQ-MTD MTD-HCJ HCJ-IDR IDR-EVW EVW-BAW BAW-MKB MKB-AMT AMT-FPI FPI-KGE KGE-HOW HOW-NKX NKX-DSD DSD-LDI LDI-FAN FAN-LCV LCV-IIF IIF-CEH CEH-MHG MHG-FOX FOX-KNQ KNQ-HJN HJN-DJL DJL-BAP BAP-AKN AKN-HLQ HLQ-CCW CCW-AZO AZO-KNB KNB-CAC CAC-DBB DBB-GON GON-GVJ GVJ-LBR LBR-OOR OOR-MHO MHO-GSZ GSZ-AKG AKG-EOM EOM-DFM DFM-ACS ACS-GXG GXG-COJ COJ-BKN BKN-GQN GQN-MBF
